
=== Tue Mar  5 16:56:33 2019

Packages were changed.
Update Mode: updateDependencies

The following packages were added:
  com.unity.collab-proxy@1.2.15
The following packages were updated:
  com.unity.package-manager-ui from version 1.9.11 to 2.0.3

=== Mon Apr 22 16:08:34 2019

Packages were changed.
Update Mode: updateDependencies

The following packages were updated:
  com.unity.package-manager-ui from version 2.0.3 to 2.0.7

=== Thu May  9 14:38:45 2019

Packages were changed.
Update Mode: updateDependencies

The following packages were added:
  com.unity.timeline@1.0.0
  com.unity.multiplayer-hlapi@1.0.2
  com.unity.xr.legacyinputhelpers@2.0.2
The following packages were updated:
  com.unity.package-manager-ui from version 2.0.7 to 2.1.2

=== Fri Jan 31 18:57:20 2020

Packages were changed.
Update Mode: updateDependencies

The following packages were added:
  com.unity.2d.tilemap@1.0.0
  com.unity.ext.nunit@1.0.0
  com.unity.test-framework@1.0.13
  com.unity.2d.sprite@1.0.0
  com.unity.ide.vscode@1.1.2
  com.unity.ide.rider@1.1.0
  com.unity.ugui@1.0.0
  com.unity.modules.androidjni@1.0.0
The following packages were updated:
  com.unity.package-manager-ui from version 2.1.2 to 2.2.0

=== Fri Jan 31 18:59:12 2020

Packages were changed.
Update Mode: resetToDefaultDependencies

The following packages were added:
  com.unity.textmeshpro@2.0.1
  com.unity.collab-proxy@1.2.16
  com.unity.timeline@1.1.0
The following packages were removed:
  com.unity.2d.sprite@1.0.0
  com.unity.2d.tilemap@1.0.0

=== Fri Jan 31 19:19:14 2020

Packages were changed.
Update Mode: updateDependencies

The following packages were removed:
  com.unity.package-manager-ui@2.2.0

=== Tue Jun 28 16:54:06 2022

Packages were changed.
Update Mode: updateDependencies

The following packages were added:
  com.unity.ide.visualstudio@2.0.14

=== Tue Jun 28 16:57:38 2022

Packages were changed.
Update Mode: resetToDefaultDependencies

The following packages were added:
  com.unity.collab-proxy@1.15.15
  com.unity.ide.rider@3.0.13
  com.unity.ide.vscode@1.2.5
  com.unity.test-framework@1.1.31
  com.unity.textmeshpro@3.0.6
  com.unity.timeline@1.6.4
  com.unity.ugui@1.0.0
  com.unity.visualscripting@1.7.6
